(int, null)
([, null)
(], null)
( , null)
(identifier, (16, 0))
( , null)
(=, null)
( , null)
([, null)
(], null)
(
, null)
(
, null)
(int, null)
( , null)
(identifier, (9, 0))
( , null)
(=, null)
( , null)
(input, null)
((, null)
(), null)
(
, null)
(int, null)
( , null)
(identifier, (3, 0))
( , null)
(=, null)
( , null)
(constant, (14, 0))
(
, null)
(while, null)
( , null)
((, null)
(identifier, (3, 0))
( , null)
(<, null)
( , null)
(identifier, (9, 0))
(), null)
( , null)
({, null)
(
, null)
(identifier, (16, 0))
([, null)
(identifier, (3, 0))
(], null)
( , null)
(=, null)
( , null)
(input, null)
((, null)
(), null)
(
, null)
(identifier, (3, 0))
(+, null)
(+, null)
(
, null)
(}, null)
(
, null)
(
, null)
(int, null)
( , null)
(identifier, (1, 0))
( , null)
(=, null)
( , null)
(constant, (14, 0))
(
, null)
(each, null)
( , null)
((, null)
(identifier, (15, 0))
( , null)
(in, null)
( , null)
(identifier, (16, 0))
(), null)
( , null)
({, null)
(
, null)
(identifier, (1, 0))
( , null)
(+, null)
(=, null)
( , null)
(identifier, (15, 0))
(
, null)
(}, null)
(
, null)
(
, null)
(print, null)
((, null)
(identifier, (1, 0))
(), null)
(
, null)
